{"level":"info","message":"MongoDB connected successfully"}
{"level":"info","message":"Connected to MongoDB: ac-dwpce1q-shard-00-00.alj1ikb.mongodb.net"}
{"level":"info","message":"Server is running on port 3000"}
{"level":"info","message":"MongoDB connected successfully"}
{"level":"info","message":"Connected to MongoDB: ac-dwpce1q-shard-00-00.alj1ikb.mongodb.net"}
{"level":"info","message":"Server is running on port 3000"}
[32minfo[39m: MongoDB connected successfully
[32minfo[39m: Connected to MongoDB: ac-dwpce1q-shard-00-00.alj1ikb.mongodb.net
[32minfo[39m: Server is running on port 3000
[32minfo[39m: MongoDB connected successfully
[32minfo[39m: Connected to MongoDB: ac-dwpce1q-shard-00-00.alj1ikb.mongodb.net
[32minfo[39m: Server is running on port 3000
2025-11-21T17:44:22.434Z [32minfo[39m: MongoDB connected successfully
2025-11-21T17:44:22.438Z [32minfo[39m: Connected to MongoDB: ac-dwpce1q-shard-00-00.alj1ikb.mongodb.net
2025-11-21T17:44:22.441Z [32minfo[39m: Server is running on port 3000
2025-11-21T17:44:40.013Z [32MINFO[39M MongoDB connected successfully
2025-11-21T17:44:40.017Z [32MINFO[39M Connected to MongoDB: ac-dwpce1q-shard-00-00.alj1ikb.mongodb.net
2025-11-21T17:44:40.019Z [32MINFO[39M Server is running on port 3000
2025-11-21 23:15:05 [32MINFO[39M MongoDB connected successfully
2025-11-21 23:15:05 [32MINFO[39M Connected to MongoDB: ac-dwpce1q-shard-00-00.alj1ikb.mongodb.net
2025-11-21 23:15:05 [32MINFO[39M Server is running on port 3000
2025-11-21 23:15:11 [32MINFO[39M MongoDB connected successfully
2025-11-21 23:15:11 [32MINFO[39M Connected to MongoDB: ac-dwpce1q-shard-00-00.alj1ikb.mongodb.net
2025-11-21 23:15:11 [32MINFO[39M Server is running on port 3000
2025-11-21 23:15:17 [32MINFO[39M MongoDB connected successfully
2025-11-21 23:15:17 [32MINFO[39M Connected to MongoDB: ac-dwpce1q-shard-00-00.alj1ikb.mongodb.net
2025-11-21 23:15:17 [32MINFO[39M Server is running on port 3000
undefined [32MINFO[39M MongoDB connected successfully
undefined [32MINFO[39M Connected to MongoDB: ac-dwpce1q-shard-00-00.alj1ikb.mongodb.net
undefined [32MINFO[39M Server is running on port 3000
2025-11-21 23:15:50 [32MINFO[39M MongoDB connected successfully
2025-11-21 23:15:50 [32MINFO[39M Connected to MongoDB: ac-dwpce1q-shard-00-00.alj1ikb.mongodb.net
2025-11-21 23:15:50 [32MINFO[39M Server is running on port 3000
2025-11-21 23:16:04 [32MINFO[39M MongoDB connected successfully
2025-11-21 23:16:04 [32MINFO[39M Connected to MongoDB: ac-dwpce1q-shard-00-00.alj1ikb.mongodb.net
2025-11-21 23:16:04 [32MINFO[39M Server is running on port 3000
2025-11-21 23:16:15 [32MINFO[39M MongoDB connected successfully
2025-11-21 23:16:15 [32MINFO[39M Connected to MongoDB: ac-dwpce1q-shard-00-00.alj1ikb.mongodb.net
2025-11-21 23:16:15 [32MINFO[39M Server is running on port 3000
2025-11-21 23:16:27 [32MINFO[39M MongoDB connected successfully
2025-11-21 23:16:27 [32MINFO[39M Connected to MongoDB: ac-dwpce1q-shard-00-00.alj1ikb.mongodb.net
2025-11-21 23:16:27 [32MINFO[39M Server is running on port 3000
2025-11-21 23:16:29 [32MINFO[39M MongoDB connected successfully
2025-11-21 23:16:29 [32MINFO[39M Connected to MongoDB: ac-dwpce1q-shard-00-00.alj1ikb.mongodb.net
2025-11-21 23:16:29 [32MINFO[39M Server is running on port 3000
2025-11-21 23:16:40 [32MINFO[39M MongoDB connected successfully
2025-11-21 23:16:40 [32MINFO[39M Connected to MongoDB: ac-dwpce1q-shard-00-00.alj1ikb.mongodb.net
2025-11-21 23:16:40 [32MINFO[39M Server is running on port 3000
2025-11-21 23:20:53 [32MINFO[39M MongoDB connected successfully
2025-11-21 23:20:53 [32MINFO[39M Connected to MongoDB: ac-dwpce1q-shard-00-00.alj1ikb.mongodb.net
2025-11-21 23:20:53 [32MINFO[39M Server is running on port 3000
2025-11-21 23:20:58 [32MINFO[39M MongoDB connected successfully
2025-11-21 23:20:58 [32MINFO[39M Connected to MongoDB: ac-dwpce1q-shard-00-00.alj1ikb.mongodb.net
2025-11-21 23:20:58 [32MINFO[39M Server is running on port 3000
2025-11-21 23:21:05 [32MINFO[39M MongoDB connected successfully
2025-11-21 23:21:05 [32MINFO[39M Connected to MongoDB: ac-dwpce1q-shard-00-00.alj1ikb.mongodb.net
2025-11-21 23:21:05 [32MINFO[39M Server is running on port 3000
2025-11-21 23:21:06 [32MINFO[39M MongoDB connected successfully
2025-11-21 23:21:06 [32MINFO[39M Connected to MongoDB: ac-dwpce1q-shard-00-00.alj1ikb.mongodb.net
2025-11-21 23:21:06 [32MINFO[39M Server is running on port 3000
2025-11-21 23:21:10 [32MINFO[39M MongoDB connected successfully
2025-11-21 23:21:10 [32MINFO[39M Connected to MongoDB: ac-dwpce1q-shard-00-00.alj1ikb.mongodb.net
2025-11-21 23:21:10 [32MINFO[39M Server is running on port 3000
2025-11-21 23:21:12 [32MINFO[39M MongoDB connected successfully
2025-11-21 23:21:12 [32MINFO[39M Connected to MongoDB: ac-dwpce1q-shard-00-00.alj1ikb.mongodb.net
2025-11-21 23:21:12 [32MINFO[39M Server is running on port 3000
2025-11-21 23:21:18 [32MINFO[39M MongoDB connected successfully
2025-11-21 23:21:18 [32MINFO[39M Connected to MongoDB: ac-dwpce1q-shard-00-00.alj1ikb.mongodb.net
2025-11-21 23:21:18 [32MINFO[39M Server is running on port 3000
2025-11-21 23:21:24 [32MINFO[39M MongoDB connected successfully
2025-11-21 23:21:24 [32MINFO[39M Connected to MongoDB: ac-dwpce1q-shard-00-00.alj1ikb.mongodb.net
2025-11-21 23:21:24 [32MINFO[39M Server is running on port 3000
2025-11-21 23:21:31 [32MINFO[39M MongoDB connected successfully
2025-11-21 23:21:31 [32MINFO[39M Connected to MongoDB: ac-dwpce1q-shard-00-00.alj1ikb.mongodb.net
2025-11-21 23:21:31 [32MINFO[39M Server is running on port 3000
2025-11-21 23:21:35 [32MINFO[39M MongoDB connected successfully
2025-11-21 23:21:35 [32MINFO[39M Connected to MongoDB: ac-dwpce1q-shard-00-00.alj1ikb.mongodb.net
2025-11-21 23:21:35 [32MINFO[39M Server is running on port 3000
2025-11-21 23:21:40 [32MINFO[39M MongoDB connected successfully
2025-11-21 23:21:40 [32MINFO[39M Connected to MongoDB: ac-dwpce1q-shard-00-00.alj1ikb.mongodb.net
2025-11-21 23:21:40 [32MINFO[39M Server is running on port 3000
2025-11-21 23:21:48 [32MINFO[39M MongoDB connected successfully
2025-11-21 23:21:48 [32MINFO[39M Connected to MongoDB: ac-dwpce1q-shard-00-00.alj1ikb.mongodb.net
2025-11-21 23:21:48 [32MINFO[39M Server is running on port 3000
2025-11-21 23:21:58 [32MINFO[39M MongoDB connected successfully
2025-11-21 23:21:58 [32MINFO[39M Connected to MongoDB: ac-dwpce1q-shard-00-00.alj1ikb.mongodb.net
2025-11-21 23:21:58 [32MINFO[39M Server is running on port 3000
2025-11-21 23:23:33 [32MINFO[39M MongoDB connected successfully
2025-11-21 23:23:33 [32MINFO[39M Connected to MongoDB: ac-dwpce1q-shard-00-00.alj1ikb.mongodb.net
2025-11-21 23:23:33 [32MINFO[39M Server is running on port 3000
2025-11-21 23:23:35 [32MINFO[39M MongoDB connected successfully
2025-11-21 23:23:35 [32MINFO[39M Connected to MongoDB: ac-dwpce1q-shard-00-00.alj1ikb.mongodb.net
2025-11-21 23:23:35 [32MINFO[39M Server is running on port 3000
2025-11-21 23:23:46 [32MINFO[39M MongoDB connected successfully
2025-11-21 23:23:46 [32MINFO[39M Connected to MongoDB: ac-dwpce1q-shard-00-00.alj1ikb.mongodb.net
2025-11-21 23:23:46 [32MINFO[39M Server is running on port 3000
2025-11-21 23:23:58 [32MINFO[39M MongoDB connected successfully
2025-11-21 23:23:58 [32MINFO[39M Connected to MongoDB: ac-dwpce1q-shard-00-00.alj1ikb.mongodb.net
2025-11-21 23:23:58 [32MINFO[39M Server is running on port 3000
2025-11-21 23:24:02 [32MINFO[39M MongoDB connected successfully
2025-11-21 23:24:02 [32MINFO[39M Connected to MongoDB: ac-dwpce1q-shard-00-00.alj1ikb.mongodb.net
2025-11-21 23:24:02 [32MINFO[39M Server is running on port 3000
2025-11-21 23:24:05 [32MINFO[39M MongoDB connected successfully
2025-11-21 23:24:05 [32MINFO[39M Connected to MongoDB: ac-dwpce1q-shard-00-00.alj1ikb.mongodb.net
2025-11-21 23:24:05 [32MINFO[39M Server is running on port 3000
2025-11-21 23:24:07 [32MINFO[39M MongoDB connected successfully
2025-11-21 23:24:07 [32MINFO[39M Connected to MongoDB: ac-dwpce1q-shard-00-00.alj1ikb.mongodb.net
2025-11-21 23:24:07 [32MINFO[39M Server is running on port 3000
2025-11-21 23:24:09 [32MINFO[39M MongoDB connected successfully
2025-11-21 23:24:09 [32MINFO[39M Connected to MongoDB: ac-dwpce1q-shard-00-00.alj1ikb.mongodb.net
2025-11-21 23:24:09 [32MINFO[39M Server is running on port 3000
2025-11-21 23:24:12 [32MINFO[39M MongoDB connected successfully
2025-11-21 23:24:12 [32MINFO[39M Connected to MongoDB: ac-dwpce1q-shard-00-00.alj1ikb.mongodb.net
2025-11-21 23:24:12 [32MINFO[39M Server is running on port 3000
2025-11-21 23:24:18 [32MINFO[39M MongoDB connected successfully
2025-11-21 23:24:18 [32MINFO[39M Connected to MongoDB: ac-dwpce1q-shard-00-00.alj1ikb.mongodb.net
2025-11-21 23:24:18 [32MINFO[39M Server is running on port 3000
2025-11-21 23:24:19 [32MINFO[39M MongoDB connected successfully
2025-11-21 23:24:19 [32MINFO[39M Connected to MongoDB: ac-dwpce1q-shard-00-00.alj1ikb.mongodb.net
2025-11-21 23:24:19 [32MINFO[39M Server is running on port 3000
2025-11-21 23:24:26 [32MINFO[39M MongoDB connected successfully
2025-11-21 23:24:26 [32MINFO[39M Connected to MongoDB: ac-dwpce1q-shard-00-00.alj1ikb.mongodb.net
2025-11-21 23:24:26 [32MINFO[39M Server is running on port 3000
2025-11-21 23:24:35 [32MINFO[39M MongoDB connected successfully
2025-11-21 23:24:35 [32MINFO[39M Connected to MongoDB: ac-dwpce1q-shard-00-00.alj1ikb.mongodb.net
2025-11-21 23:24:35 [32MINFO[39M Server is running on port 3000
2025-11-21 23:24:44 [32MINFO[39M MongoDB connected successfully
2025-11-21 23:24:44 [32MINFO[39M Connected to MongoDB: ac-dwpce1q-shard-00-00.alj1ikb.mongodb.net
2025-11-21 23:24:44 [32MINFO[39M Server is running on port 3000
2025-11-21 23:24:51 [32MINFO[39M MongoDB connected successfully
2025-11-21 23:24:51 [32MINFO[39M Connected to MongoDB: ac-dwpce1q-shard-00-00.alj1ikb.mongodb.net
2025-11-21 23:24:51 [32MINFO[39M Server is running on port 3000
2025-11-21 23:24:52 [32MINFO[39M MongoDB connected successfully
2025-11-21 23:24:52 [32MINFO[39M Connected to MongoDB: ac-dwpce1q-shard-00-00.alj1ikb.mongodb.net
2025-11-21 23:24:52 [32MINFO[39M Server is running on port 3000
2025-11-21 23:24:56 [32MINFO[39M MongoDB connected successfully
2025-11-21 23:24:56 [32MINFO[39M Connected to MongoDB: ac-dwpce1q-shard-00-00.alj1ikb.mongodb.net
2025-11-21 23:24:56 [32MINFO[39M Server is running on port 3000
2025-11-21 23:25:03 [32MINFO[39M MongoDB connected successfully
2025-11-21 23:25:03 [32MINFO[39M Connected to MongoDB: ac-dwpce1q-shard-00-00.alj1ikb.mongodb.net
2025-11-21 23:25:03 [32MINFO[39M Server is running on port 3000
2025-11-21 23:25:08 [32MINFO[39M MongoDB connected successfully
2025-11-21 23:25:08 [32MINFO[39M Connected to MongoDB: ac-dwpce1q-shard-00-00.alj1ikb.mongodb.net
2025-11-21 23:25:08 [32MINFO[39M Server is running on port 3000
2025-11-21 23:25:18 [32MINFO[39M MongoDB connected successfully
2025-11-21 23:25:18 [32MINFO[39M Connected to MongoDB: ac-dwpce1q-shard-00-00.alj1ikb.mongodb.net
2025-11-21 23:25:18 [32MINFO[39M Server is running on port 3000
2025-11-21 23:25:21 [32MINFO[39M MongoDB connected successfully
2025-11-21 23:25:21 [32MINFO[39M Connected to MongoDB: ac-dwpce1q-shard-00-00.alj1ikb.mongodb.net
2025-11-21 23:25:21 [32MINFO[39M Server is running on port 3000
2025-11-21 23:25:25 [32MINFO[39M MongoDB connected successfully
2025-11-21 23:25:25 [32MINFO[39M Connected to MongoDB: ac-dwpce1q-shard-00-00.alj1ikb.mongodb.net
2025-11-21 23:25:25 [32MINFO[39M Server is running on port 3000
2025-11-21 23:25:26 [32MINFO[39M MongoDB connected successfully
2025-11-21 23:25:26 [32MINFO[39M Connected to MongoDB: ac-dwpce1q-shard-00-00.alj1ikb.mongodb.net
2025-11-21 23:25:26 [32MINFO[39M Server is running on port 3000
2025-11-21 23:25:31 [32MINFO[39M MongoDB connected successfully
2025-11-21 23:25:31 [32MINFO[39M Connected to MongoDB: ac-dwpce1q-shard-00-00.alj1ikb.mongodb.net
2025-11-21 23:25:31 [32MINFO[39M Server is running on port 3000
2025-11-21 23:25:34 [32MINFO[39M MongoDB connected successfully
2025-11-21 23:25:34 [32MINFO[39M Connected to MongoDB: ac-dwpce1q-shard-00-00.alj1ikb.mongodb.net
2025-11-21 23:25:34 [32MINFO[39M Server is running on port 3000
2025-11-21 23:25:39 [32MINFO[39M MongoDB connected successfully
2025-11-21 23:25:39 [32MINFO[39M Connected to MongoDB: ac-dwpce1q-shard-00-00.alj1ikb.mongodb.net
2025-11-21 23:25:39 [32MINFO[39M Server is running on port 3000
2025-11-21 23:25:44 [32MINFO[39M MongoDB connected successfully
2025-11-21 23:25:44 [32MINFO[39M Connected to MongoDB: ac-dwpce1q-shard-00-00.alj1ikb.mongodb.net
2025-11-21 23:25:44 [32MINFO[39M Server is running on port 3000
2025-11-21 23:25:49 [32MINFO[39M MongoDB connected successfully
2025-11-21 23:25:49 [32MINFO[39M Connected to MongoDB: ac-dwpce1q-shard-00-00.alj1ikb.mongodb.net
2025-11-21 23:25:49 [32MINFO[39M Server is running on port 3000
2025-11-21 23:25:52 [32MINFO[39M MongoDB connected successfully
2025-11-21 23:25:52 [32MINFO[39M Connected to MongoDB: ac-dwpce1q-shard-00-00.alj1ikb.mongodb.net
2025-11-21 23:25:52 [32MINFO[39M Server is running on port 3000
2025-11-21 23:25:58 [32MINFO[39M MongoDB connected successfully
2025-11-21 23:25:58 [32MINFO[39M Connected to MongoDB: ac-dwpce1q-shard-00-00.alj1ikb.mongodb.net
2025-11-21 23:25:58 [32MINFO[39M Server is running on port 3000
2025-11-21 23:26:04 [32MINFO[39M MongoDB connected successfully
2025-11-21 23:26:04 [32MINFO[39M Connected to MongoDB: ac-dwpce1q-shard-00-00.alj1ikb.mongodb.net
2025-11-21 23:26:04 [32MINFO[39M Server is running on port 3000
2025-11-21 23:26:07 [32MINFO[39M MongoDB connected successfully
2025-11-21 23:26:07 [32MINFO[39M Connected to MongoDB: ac-dwpce1q-shard-00-00.alj1ikb.mongodb.net
2025-11-21 23:26:07 [32MINFO[39M Server is running on port 3000
2025-11-21 23:26:11 [32MINFO[39M MongoDB connected successfully
2025-11-21 23:26:11 [32MINFO[39M Connected to MongoDB: ac-dwpce1q-shard-00-00.alj1ikb.mongodb.net
2025-11-21 23:26:11 [32MINFO[39M Server is running on port 3000
2025-11-21 23:26:17 [32MINFO[39M MongoDB connected successfully
2025-11-21 23:26:17 [32MINFO[39M Connected to MongoDB: ac-dwpce1q-shard-00-00.alj1ikb.mongodb.net
2025-11-21 23:26:17 [32MINFO[39M Server is running on port 3000
2025-11-21 23:26:23 [32MINFO[39M MongoDB connected successfully
2025-11-21 23:26:23 [32MINFO[39M Connected to MongoDB: ac-dwpce1q-shard-00-00.alj1ikb.mongodb.net
2025-11-21 23:26:23 [32MINFO[39M Server is running on port 3000
2025-11-21 23:26:24 [32MINFO[39M MongoDB connected successfully
2025-11-21 23:26:24 [32MINFO[39M Connected to MongoDB: ac-dwpce1q-shard-00-00.alj1ikb.mongodb.net
2025-11-21 23:26:24 [32MINFO[39M Server is running on port 3000
2025-11-21 23:26:31 [32MINFO[39M MongoDB connected successfully
2025-11-21 23:26:31 [32MINFO[39M Connected to MongoDB: ac-dwpce1q-shard-00-00.alj1ikb.mongodb.net
2025-11-21 23:26:31 [32MINFO[39M Server is running on port 3000
2025-11-21 23:26:38 [32MINFO[39M MongoDB connected successfully
2025-11-21 23:26:38 [32MINFO[39M Connected to MongoDB: ac-dwpce1q-shard-00-00.alj1ikb.mongodb.net
2025-11-21 23:26:38 [32MINFO[39M Server is running on port 3000
2025-11-21 23:26:40 [32MINFO[39M MongoDB connected successfully
2025-11-21 23:26:40 [32MINFO[39M Connected to MongoDB: ac-dwpce1q-shard-00-00.alj1ikb.mongodb.net
2025-11-21 23:26:40 [32MINFO[39M Server is running on port 3000
2025-11-21 23:26:42 [32MINFO[39M MongoDB connected successfully
2025-11-21 23:26:42 [32MINFO[39M Connected to MongoDB: ac-dwpce1q-shard-00-00.alj1ikb.mongodb.net
2025-11-21 23:26:42 [32MINFO[39M Server is running on port 3000
2025-11-21 23:26:44 [32MINFO[39M MongoDB connected successfully
2025-11-21 23:26:44 [32MINFO[39M Connected to MongoDB: ac-dwpce1q-shard-00-00.alj1ikb.mongodb.net
2025-11-21 23:26:44 [32MINFO[39M Server is running on port 3000
2025-11-21 23:26:55 [32MINFO[39M MongoDB connected successfully
2025-11-21 23:26:55 [32MINFO[39M Connected to MongoDB: ac-dwpce1q-shard-00-00.alj1ikb.mongodb.net
2025-11-21 23:26:55 [32MINFO[39M Server is running on port 3000
2025-11-21 23:27:04 [32MINFO[39M MongoDB connected successfully
2025-11-21 23:27:04 [32MINFO[39M Connected to MongoDB: ac-dwpce1q-shard-00-00.alj1ikb.mongodb.net
2025-11-21 23:27:04 [32MINFO[39M Server is running on port 3000
2025-11-21 23:27:12 [32MINFO[39M MongoDB connected successfully
2025-11-21 23:27:12 [32MINFO[39M Connected to MongoDB: ac-dwpce1q-shard-00-00.alj1ikb.mongodb.net
2025-11-21 23:27:12 [32MINFO[39M Server is running on port 3000
2025-11-21 23:27:14 [32MINFO[39M MongoDB connected successfully
2025-11-21 23:27:14 [32MINFO[39M Connected to MongoDB: ac-dwpce1q-shard-00-00.alj1ikb.mongodb.net
2025-11-21 23:27:14 [32MINFO[39M Server is running on port 3000
2025-11-21 23:27:17 [32MINFO[39M MongoDB connected successfully
2025-11-21 23:27:17 [32MINFO[39M Connected to MongoDB: ac-dwpce1q-shard-00-00.alj1ikb.mongodb.net
2025-11-21 23:27:17 [32MINFO[39M Server is running on port 3000
2025-11-21 23:29:00 [32MINFO[39M MongoDB connected successfully
2025-11-21 23:29:00 [32MINFO[39M Connected to MongoDB: ac-dwpce1q-shard-00-00.alj1ikb.mongodb.net
2025-11-21 23:29:00 [32MINFO[39M Server is running on port 3000
2025-11-21 23:29:57 [32MINFO[39M MongoDB connected successfully
2025-11-21 23:29:57 [32MINFO[39M Connected to MongoDB: ac-dwpce1q-shard-00-00.alj1ikb.mongodb.net
2025-11-21 23:29:57 [32MINFO[39M Server is running on port 3000
2025-11-21 23:30:00 [32MINFO[39M MongoDB connected successfully
2025-11-21 23:30:00 [32MINFO[39M Connected to MongoDB: ac-dwpce1q-shard-00-00.alj1ikb.mongodb.net
2025-11-21 23:30:00 [32MINFO[39M Server is running on port 3000
2025-11-21 23:30:25 [32MINFO[39M MongoDB connected successfully
2025-11-21 23:30:25 [32MINFO[39M Connected to MongoDB: ac-dwpce1q-shard-00-00.alj1ikb.mongodb.net
2025-11-21 23:30:25 [32MINFO[39M Server is running on port 3000
2025-11-21 23:30:30 [32MINFO[39M MongoDB connected successfully
2025-11-21 23:30:30 [32MINFO[39M Connected to MongoDB: ac-dwpce1q-shard-00-00.alj1ikb.mongodb.net
2025-11-21 23:30:30 [32MINFO[39M Server is running on port 3000
2025-11-21 23:30:32 [32MINFO[39M MongoDB connected successfully
2025-11-21 23:30:32 [32MINFO[39M Connected to MongoDB: ac-dwpce1q-shard-00-00.alj1ikb.mongodb.net
2025-11-21 23:30:32 [32MINFO[39M Server is running on port 3000
2025-11-21 23:30:37 [32MINFO[39M MongoDB connected successfully
2025-11-21 23:30:37 [32MINFO[39M Connected to MongoDB: ac-dwpce1q-shard-00-00.alj1ikb.mongodb.net
2025-11-21 23:30:37 [32MINFO[39M Server is running on port 3000
2025-11-21 23:30:41 [32MINFO[39M MongoDB connected successfully
2025-11-21 23:30:41 [32MINFO[39M Connected to MongoDB: ac-dwpce1q-shard-00-00.alj1ikb.mongodb.net
2025-11-21 23:30:41 [32MINFO[39M Server is running on port 3000
2025-11-21 23:30:46 [32MINFO[39M MongoDB connected successfully
2025-11-21 23:30:46 [32MINFO[39M Connected to MongoDB: ac-dwpce1q-shard-00-00.alj1ikb.mongodb.net
2025-11-21 23:30:46 [32MINFO[39M Server is running on port 3000
2025-11-21 23:30:52 [32MINFO[39M MongoDB connected successfully
2025-11-21 23:30:52 [32MINFO[39M Connected to MongoDB: ac-dwpce1q-shard-00-00.alj1ikb.mongodb.net
2025-11-21 23:30:52 [32MINFO[39M Server is running on port 3000
2025-11-21 23:30:55 [32MINFO[39M MongoDB connected successfully
2025-11-21 23:30:55 [32MINFO[39M Connected to MongoDB: ac-dwpce1q-shard-00-00.alj1ikb.mongodb.net
2025-11-21 23:30:55 [32MINFO[39M Server is running on port 3000
2025-11-21 23:31:17 [32MINFO[39M MongoDB connected successfully
2025-11-21 23:31:17 [32MINFO[39M Connected to MongoDB: ac-dwpce1q-shard-00-00.alj1ikb.mongodb.net
2025-11-21 23:31:17 [32MINFO[39M Server is running on port 3000
2025-11-21 23:31:20 [32MINFO[39M MongoDB connected successfully
2025-11-21 23:31:20 [32MINFO[39M Connected to MongoDB: ac-dwpce1q-shard-00-00.alj1ikb.mongodb.net
2025-11-21 23:31:20 [32MINFO[39M Server is running on port 3000
2025-11-21 23:31:21 [32MINFO[39M MongoDB connected successfully
2025-11-21 23:31:21 [32MINFO[39M Connected to MongoDB: ac-dwpce1q-shard-00-00.alj1ikb.mongodb.net
2025-11-21 23:31:21 [32MINFO[39M Server is running on port 3000
2025-11-21 23:31:22 [32MINFO[39M MongoDB connected successfully
2025-11-21 23:31:22 [32MINFO[39M Connected to MongoDB: ac-dwpce1q-shard-00-00.alj1ikb.mongodb.net
2025-11-21 23:31:22 [32MINFO[39M Server is running on port 3000
2025-11-21 23:31:25 [32MINFO[39M MongoDB connected successfully
2025-11-21 23:31:25 [32MINFO[39M Connected to MongoDB: ac-dwpce1q-shard-00-00.alj1ikb.mongodb.net
2025-11-21 23:31:25 [32MINFO[39M Server is running on port 3000
2025-11-21 23:31:28 [32MINFO[39M MongoDB connected successfully
2025-11-21 23:31:28 [32MINFO[39M Connected to MongoDB: ac-dwpce1q-shard-00-00.alj1ikb.mongodb.net
2025-11-21 23:31:28 [32MINFO[39M Server is running on port 3000
2025-11-21 23:31:30 [32MINFO[39M MongoDB connected successfully
2025-11-21 23:31:30 [32MINFO[39M Connected to MongoDB: ac-dwpce1q-shard-00-00.alj1ikb.mongodb.net
2025-11-21 23:31:30 [32MINFO[39M Server is running on port 3000
2025-11-21 23:31:32 [32MINFO[39M MongoDB connected successfully
2025-11-21 23:31:32 [32MINFO[39M Connected to MongoDB: ac-dwpce1q-shard-00-00.alj1ikb.mongodb.net
2025-11-21 23:31:32 [32MINFO[39M Server is running on port 3000
2025-11-21 23:31:35 [32MINFO[39M MongoDB connected successfully
2025-11-21 23:31:35 [32MINFO[39M Connected to MongoDB: ac-dwpce1q-shard-00-00.alj1ikb.mongodb.net
2025-11-21 23:31:35 [32MINFO[39M Server is running on port 3000
2025-11-21 23:31:38 [32MINFO[39M MongoDB connected successfully
2025-11-21 23:31:38 [32MINFO[39M Connected to MongoDB: ac-dwpce1q-shard-00-00.alj1ikb.mongodb.net
2025-11-21 23:31:38 [32MINFO[39M Server is running on port 3000
2025-11-21 23:31:42 [32MINFO[39M MongoDB connected successfully
2025-11-21 23:31:42 [32MINFO[39M Connected to MongoDB: ac-dwpce1q-shard-00-00.alj1ikb.mongodb.net
2025-11-21 23:31:42 [32MINFO[39M Server is running on port 3000
2025-11-21 23:31:44 [32MINFO[39M MongoDB connected successfully
2025-11-21 23:31:44 [32MINFO[39M Connected to MongoDB: ac-dwpce1q-shard-00-00.alj1ikb.mongodb.net
2025-11-21 23:31:44 [32MINFO[39M Server is running on port 3000
2025-11-21 23:31:49 [32MINFO[39M MongoDB connected successfully
2025-11-21 23:31:49 [32MINFO[39M Connected to MongoDB: ac-dwpce1q-shard-00-00.alj1ikb.mongodb.net
2025-11-21 23:31:49 [32MINFO[39M Server is running on port 3000
2025-11-21 23:31:52 [32MINFO[39M MongoDB connected successfully
2025-11-21 23:31:52 [32MINFO[39M Connected to MongoDB: ac-dwpce1q-shard-00-00.alj1ikb.mongodb.net
2025-11-21 23:31:52 [32MINFO[39M Server is running on port 3000
2025-11-21 23:31:54 [32MINFO[39M MongoDB connected successfully
2025-11-21 23:31:54 [32MINFO[39M Connected to MongoDB: ac-dwpce1q-shard-00-00.alj1ikb.mongodb.net
2025-11-21 23:31:54 [32MINFO[39M Server is running on port 3000
2025-11-21 23:31:56 [32MINFO[39M MongoDB connected successfully
2025-11-21 23:31:56 [32MINFO[39M Connected to MongoDB: ac-dwpce1q-shard-00-00.alj1ikb.mongodb.net
2025-11-21 23:31:56 [32MINFO[39M Server is running on port 3000
2025-11-21 23:32:03 [32MINFO[39M MongoDB connected successfully
2025-11-21 23:32:03 [32MINFO[39M Connected to MongoDB: ac-dwpce1q-shard-00-00.alj1ikb.mongodb.net
2025-11-21 23:32:03 [32MINFO[39M Server is running on port 3000
2025-11-21 23:32:04 [32MINFO[39M MongoDB connected successfully
2025-11-21 23:32:04 [32MINFO[39M Connected to MongoDB: ac-dwpce1q-shard-00-00.alj1ikb.mongodb.net
2025-11-21 23:32:04 [32MINFO[39M Server is running on port 3000
2025-11-21 23:32:08 [32MINFO[39M MongoDB connected successfully
2025-11-21 23:32:08 [32MINFO[39M Connected to MongoDB: ac-dwpce1q-shard-00-00.alj1ikb.mongodb.net
2025-11-21 23:32:08 [32MINFO[39M Server is running on port 3000
2025-11-21 23:32:15 [32MINFO[39M MongoDB connected successfully
2025-11-21 23:32:15 [32MINFO[39M Connected to MongoDB: ac-dwpce1q-shard-00-00.alj1ikb.mongodb.net
2025-11-21 23:32:15 [32MINFO[39M Server is running on port 3000
2025-11-21 23:32:22 [32MINFO[39M MongoDB connected successfully
2025-11-21 23:32:22 [32MINFO[39M Connected to MongoDB: ac-dwpce1q-shard-00-00.alj1ikb.mongodb.net
2025-11-21 23:32:22 [32MINFO[39M Server is running on port 3000
2025-11-21 23:32:28 [32MINFO[39M MongoDB connected successfully
2025-11-21 23:32:28 [32MINFO[39M Connected to MongoDB: ac-dwpce1q-shard-00-00.alj1ikb.mongodb.net
2025-11-21 23:32:28 [32MINFO[39M Server is running on port 3000
2025-11-21 23:32:49 [32MINFO[39M MongoDB connected successfully
2025-11-21 23:32:49 [32MINFO[39M Connected to MongoDB: ac-dwpce1q-shard-00-00.alj1ikb.mongodb.net
2025-11-21 23:32:49 [32MINFO[39M Server is running on port 3000
2025-11-21 23:32:54 [32MINFO[39M MongoDB connected successfully
2025-11-21 23:32:54 [32MINFO[39M Connected to MongoDB: ac-dwpce1q-shard-00-00.alj1ikb.mongodb.net
2025-11-21 23:32:54 [32MINFO[39M Server is running on port 3000
2025-11-21 23:32:59 [32MINFO[39M MongoDB connected successfully
2025-11-21 23:32:59 [32MINFO[39M Connected to MongoDB: ac-dwpce1q-shard-00-00.alj1ikb.mongodb.net
2025-11-21 23:32:59 [32MINFO[39M Server is running on port 3000
2025-11-21 23:33:04 [32MINFO[39M MongoDB connected successfully
2025-11-21 23:33:04 [32MINFO[39M Connected to MongoDB: ac-dwpce1q-shard-00-00.alj1ikb.mongodb.net
2025-11-21 23:33:04 [32MINFO[39M Server is running on port 3000
2025-11-21 23:33:07 [32MINFO[39M MongoDB connected successfully
2025-11-21 23:33:07 [32MINFO[39M Connected to MongoDB: ac-dwpce1q-shard-00-00.alj1ikb.mongodb.net
2025-11-21 23:33:07 [32MINFO[39M Server is running on port 3000
2025-11-21 23:36:47 [32MINFO[39M MongoDB connected successfully
2025-11-21 23:36:47 [32MINFO[39M Connected to MongoDB: ac-dwpce1q-shard-00-00.alj1ikb.mongodb.net
2025-11-21 23:36:47 [32MINFO[39M Server is running on port 3000
